[21:10:52.855 I] OpenMW version 0.48.0
[21:10:52.855 I] Revision: 3b669c2b02
[21:10:52.855 I] Using default (English) font encoding.
[21:10:52.873 I] OSG version: 3.6.5
[21:10:52.873 I] SDL version: 2.26.3
[21:10:52.873 I] Loading shader settings file: "/home/keith/.config/openmw/shaders.yaml"
[21:10:53.054 I] OpenGL Vendor: AMD
[21:10:53.054 I] OpenGL Renderer: AMD Radeon Vega 8 Graphics (raven, LLVM 16.0.6, DRM 3.54, 6.6.7-zen1-1-zen)
[21:10:53.054 I] OpenGL Version: 4.6 (Compatibility Profile) Mesa 23.2.1-arch1.2
[21:10:53.054 I] Using reverse-z depth buffer
[21:10:53.054 I] Adding BSA archive /home/keith/.steam/steam/steamapps/common/Morrowind/Data Files/Morrowind.bsa
[21:10:53.065 I] Adding BSA archive /home/keith/.steam/steam/steamapps/common/Morrowind/Data Files/Tribunal.bsa
[21:10:53.068 I] Adding BSA archive /home/keith/.steam/steam/steamapps/common/Morrowind/Data Files/Bloodmoon.bsa
[21:10:53.071 I] Adding data directory /home/keith/.config/openmw/resources/vfs
[21:10:53.071 I] Adding data directory /home/keith/.steam/steam/steamapps/common/Morrowind/Data Files
[21:10:53.071 I] Adding data directory /home/keith/Games/openmwMods/Mods/Adamantium Armor-3882-1-0-1585499339
[21:10:53.072 I] Adding data directory /home/keith/Games/openmwMods/Mods/Ancestor_Companion/Data Files
[21:10:53.072 I] Adding data directory /home/keith/Games/openmwMods/Mods/Area Effect Arrows Integrated-47745-1-0-1-1603853173
[21:10:53.072 I] Adding data directory /home/keith/Games/openmwMods/Mods/Area Effect Arrows-3882-1-0-1585499210
[21:10:53.072 I] Adding data directory /home/keith/Games/openmwMods/Mods/Better Morrowind Crosshair
[21:10:53.072 I] Adding data directory /home/keith/Games/openmwMods/Mods/Bitter Coast Sounds-3882-1-0-1585499312
[21:10:53.072 I] Adding data directory /home/keith/Games/openmwMods/Mods/Bound Arrow-43170-1
[21:10:53.072 I] Adding data directory /home/keith/Games/openmwMods/Mods/Bthanchend/Main files/Data Files
[21:10:53.072 I] Adding data directory /home/keith/Games/openmwMods/Mods/Bthanchend/Optional 'face' helm/Data Files
[21:10:53.072 I] Adding data directory /home/keith/Games/openmwMods/Mods/Bthanchend/Optional lo-res textures (performance)/Data Files
[21:10:53.072 I] Adding data directory /home/keith/Games/openmwMods/Mods/Caius Sugar-47662-1-0-0-1583172524/Data Files
[21:10:53.072 I] Adding data directory /home/keith/Games/openmwMods/Mods/Companion Teleportation 1_2-49864-1-2-1622012381
[21:10:53.072 I] Adding data directory /home/keith/Games/openmwMods/Mods/Crazy Batou Is Not Essential-50812-1-00-1645656623
[21:10:53.072 I] Adding data directory /home/keith/Games/openmwMods/Mods/DaedricTravelNetwork-50414-1-1636730926
[21:10:53.072 I] Adding data directory /home/keith/Games/openmwMods/Mods/Divine Providence-51467-1-1-1658054778/00 - Core
[21:10:53.072 I] Adding data directory /home/keith/Games/openmwMods/Mods/Divine Providence-51467-1-1-1658054778/01 - role-play
[21:10:53.072 I] Adding data directory /home/keith/Games/openmwMods/Mods/ebony_frogmouth_helm/Data Files
[21:10:53.072 I] Adding data directory /home/keith/Games/openmwMods/Mods/Entertainers-3882-1-0-1585499298
[21:10:53.072 I] Adding data directory /home/keith/Games/openmwMods/Mods/Expansion Delay-47588-1-3-1612481103
[21:10:53.072 I] Adding data directory /home/keith/Games/openmwMods/Mods/Fighters Guild Improved 2.5.1-51409-2-5-1-1675064052/00 Merged
[21:10:53.072 I] Adding data directory /home/keith/Games/openmwMods/Mods/Fighters Guild Improved 2.5.1-51409-2-5-1-1675064052/00 Modular
[21:10:53.072 I] Adding data directory /home/keith/Games/openmwMods/Mods/Fighters Guild Improved 2.5.1-51409-2-5-1-1675064052/01 Patch for Bal Molagmer Add-on and Thieves Guild Overhaul
[21:10:53.072 I] Adding data directory /home/keith/Games/openmwMods/Mods/Fighters Guild Improved 2.5.1-51409-2-5-1-1675064052/02 Patch for Balmora Guilds Expanded
[21:10:53.072 I] Adding data directory /home/keith/Games/openmwMods/Mods/Fighters Guild Improved 2.5.1-51409-2-5-1-1675064052/03 Patch for Caeris' Camonna Tong
[21:10:53.072 I] Adding data directory /home/keith/Games/openmwMods/Mods/Fighters Guild Improved 2.5.1-51409-2-5-1-1675064052/04 Patch for DD4n's Join the Camonna Tong
[21:10:53.072 I] Adding data directory /home/keith/Games/openmwMods/Mods/Fighters Guild Improved 2.5.1-51409-2-5-1-1675064052/05 Patch for Errands for Orvas
[21:10:53.072 I] Adding data directory /home/keith/Games/openmwMods/Mods/Fighters Guild Improved 2.5.1-51409-2-5-1-1675064052/06 Patch for More Deadly Morrowind Denizens
[21:10:53.072 I] Adding data directory /home/keith/Games/openmwMods/Mods/Fighters Guild Improved 2.5.1-51409-2-5-1-1675064052/07 Patch for Dura gra-Bol's House Reclaimed
[21:10:53.072 I] Adding data directory /home/keith/Games/openmwMods/Mods/Fighters Guild Improved 2.5.1-51409-2-5-1-1675064052/08 Patch for Quest Tweaks and Alternatives
[21:10:53.072 I] Adding data directory /home/keith/Games/openmwMods/Mods/firemoth-42982-/Data Files
[21:10:53.072 I] Adding data directory /home/keith/Games/openmwMods/Mods/Great Service
[21:10:53.072 I] Adding data directory /home/keith/Games/openmwMods/Mods/Helm of Tohan-3882-1-0-1585499283
[21:10:53.072 I] Adding data directory /home/keith/Games/openmwMods/Mods/Hide the Sugar Hide the Skooma-44713-1
[21:10:53.072 I] Adding data directory /home/keith/Games/openmwMods/Mods/Hortator
[21:10:53.072 I] Adding data directory /home/keith/Games/openmwMods/Mods/House Telvanni - The Forgotten Apocrypha Excursion Main File-50661-1-01-1642833940
[21:10:53.072 I] Adding data directory /home/keith/Games/openmwMods/Mods/Improved Hand-to-Hand and Unarmored Skills-45864-1-0
[21:10:53.072 I] Adding data directory /home/keith/Games/openmwMods/Mods/Interface and main menu/Interface
[21:10:53.073 I] Adding data directory /home/keith/Games/openmwMods/Mods/LeFemme Armor-3882-1-0-1585499228
[21:10:53.073 I] Adding data directory /home/keith/Games/openmwMods/Mods/Main file-47749-4-1585592699
[21:10:53.073 I] Adding data directory /home/keith/Games/openmwMods/Mods/Master Index-3882-1-0-1585499324
[21:10:53.073 I] Adding data directory /home/keith/Games/openmwMods/Mods/MET 6 main
[21:10:53.073 I] Adding data directory /home/keith/Games/openmwMods/Mods/MET_Meshes
[21:10:53.073 I] Adding data directory /home/keith/Games/openmwMods/Mods/Morag Tong Equipment Diversity
[21:10:53.073 I] Adding data directory /home/keith/Games/openmwMods/Mods/Morag Tong Writ Fix-47788-1-3-1589911793
[21:10:53.073 I] Adding data directory /home/keith/Games/openmwMods/Mods/Morrowind Official Mods/Data Files
[21:10:53.073 I] Adding data directory /home/keith/Games/openmwMods/Mods/Morrowind Optimization Patch-45384-1-17-0-1675865257/00 Core
[21:10:53.073 I] Adding data directory /home/keith/Games/openmwMods/Mods/Morrowind Optimization Patch-45384-1-17-0-1675865257/01 Lake Fjalding Anti-Suck
[21:10:53.073 I] Adding data directory /home/keith/Games/openmwMods/Mods/Morrowind Optimization Patch-45384-1-17-0-1675865257/02 Weapon Sheathing Patch
[21:10:53.073 I] Adding data directory /home/keith/Games/openmwMods/Mods/Morrowind Optimization Patch-45384-1-17-0-1675865257/03 Chuzei Fix
[21:10:53.073 I] Adding data directory /home/keith/Games/openmwMods/Mods/Morrowind Optimization Patch-45384-1-17-0-1675865257/04 Better Vanilla Textures
[21:10:53.073 I] Adding data directory /home/keith/Games/openmwMods/Mods/Morrowind Optimization Patch-45384-1-17-0-1675865257/05 Graphic Herbalism Patch
[21:10:53.073 I] Adding data directory /home/keith/Games/openmwMods/Mods/MWWG-50338-1-01-1635664752
[21:10:53.073 I] Adding data directory /home/keith/Games/openmwMods/Mods/N'wah discount
[21:10:53.073 I] Adding data directory /home/keith/Games/openmwMods/Mods/OAAB_Data (HD)-49042-2-0-0-1664460334
[21:10:53.073 I] Adding data directory /home/keith/Games/openmwMods/Mods/OAAB_Data-49042-2-0-3-1667259595/00 Core
[21:10:53.073 I] Adding data directory /home/keith/Games/openmwMods/Mods/OAAB_Data-49042-2-0-3-1667259595/01 Epic Plants Patch
[21:10:53.073 I] Adding data directory /home/keith/Games/openmwMods/Mods/OAAB_Data-49042-2-0-3-1667259595/02 SM_Bitter Coast Trees Patch
[21:10:53.073 I] Adding data directory /home/keith/Games/openmwMods/Mods/OAAB_Data-49042-2-0-3-1667259595/03 Breton Knife-Ears Patch
[21:10:53.073 I] Adding data directory /home/keith/Games/openmwMods/Mods/OAAB_Data-49042-2-0-3-1667259595/04 Better Telvanni Crystal Patch
[21:10:53.073 I] Adding data directory /home/keith/Games/openmwMods/Mods/OAAB_Data-49042-2-0-3-1667259595/05 Glass Glowset Patch
[21:10:53.073 I] Adding data directory /home/keith/Games/openmwMods/Mods/Open Helmets
[21:10:53.073 I] Adding data directory /home/keith/Games/openmwMods/Mods/Pack Guar Travel-49555-1-0-1618330149
[21:10:53.073 I] Adding data directory /home/keith/Games/openmwMods/Mods/Patch 1.6.3b-43838-1-6-3b
[21:10:53.073 I] Adding data directory /home/keith/Games/openmwMods/Mods/Patch for Purists-45096-4-0-2-1593803721
[21:10:53.073 I] Adding data directory /home/keith/Games/openmwMods/Mods/Privileges and Services-50403-1-0-1636391536/Data Files
[21:10:53.073 I] Adding data directory /home/keith/Games/openmwMods/Mods/Realistic Stealth 1.1-49021-1-1-1604896382
[21:10:53.073 I] Adding data directory /home/keith/Games/openmwMods/Mods/Religions Elaborated-47843-1-06-1657931710/Crown Edition
[21:10:53.073 I] Adding data directory /home/keith/Games/openmwMods/Mods/Religions Elaborated-47843-1-06-1657931710/Essentials Edition
[21:10:53.073 I] Adding data directory /home/keith/Games/openmwMods/Mods/Religions Elaborated-47843-1-06-1657931710/Full Edition
[21:10:53.073 I] Adding data directory /home/keith/Games/openmwMods/Mods/Religions Elaborated-47843-1-06-1657931710/Full Edition Less Exclusion
[21:10:53.074 I] Adding data directory /home/keith/Games/openmwMods/Mods/Religions Elaborated-47843-1-06-1657931710/Full Edition Less Markers
[21:10:53.074 I] Adding data directory /home/keith/Games/openmwMods/Mods/Religions Elaborated-47843-1-06-1657931710/Lite Edition
[21:10:53.074 I] Adding data directory /home/keith/Games/openmwMods/Mods/Religions Elaborated-47843-1-06-1657931710/Lite Edition Less Exclusion
[21:10:53.074 I] Adding data directory /home/keith/Games/openmwMods/Mods/Religions Elaborated-47843-1-06-1657931710/Lite Edition Less Markers
[21:10:53.074 I] Adding data directory /home/keith/Games/openmwMods/Mods/RP House Hlaalu-45208-4-54-1658050374
[21:10:53.074 I] Adding data directory /home/keith/Games/openmwMods/Mods/Saprius Disguised
[21:10:53.074 I] Adding data directory /home/keith/Games/openmwMods/Mods/Shrines - Restore Health and Cancel Options-43233-1-0
[21:10:53.074 I] Adding data directory /home/keith/Games/openmwMods/Mods/Siege at Firemoth-3882-1-0-1585499356/Data Files
[21:10:53.074 I] Adding data directory /home/keith/Games/openmwMods/Mods/Silt Strider Animation Restored-44150-1-0/Data Files
[21:10:53.074 I] Adding data directory /home/keith/Games/openmwMods/Mods/Skies-IV/Particles
[21:10:53.074 I] Adding data directory /home/keith/Games/openmwMods/Mods/Skies-IV/Skies - .IV
[21:10:53.074 I] Adding data directory /home/keith/Games/openmwMods/Mods/Skies-IV/Skies - AoF Skies
[21:10:53.074 I] Adding data directory /home/keith/Games/openmwMods/Mods/Skies-IV/Skies - Extreme Textures
[21:10:53.074 I] Adding data directory /home/keith/Games/openmwMods/Mods/SlaverSpireV1.1-50662-1-1-1642910547
[21:10:53.074 I] Adding data directory /home/keith/Games/openmwMods/Mods/Sload and Slavers/Data Files
[21:10:53.074 I] Adding data directory /home/keith/Games/openmwMods/Mods/Sload and Slavers Upscaled Textures-49074-0-0-1611701084
[21:10:53.074 I] Adding data directory /home/keith/Games/openmwMods/Mods/Sloadic Transport/Data Files
[21:10:53.074 I] Adding data directory /home/keith/Games/openmwMods/Mods/Steampunk Paradise player home.esp-49243-1-0-1611605717
[21:10:53.074 I] Adding data directory /home/keith/Games/openmwMods/Mods/SYTN-46896-1-5-1560268922
[21:10:53.074 I] Adding data directory /home/keith/Games/openmwMods/Mods/Temple teleportation system-50478-1-2-1638036407
[21:10:53.074 I] Adding data directory /home/keith/Games/openmwMods/Mods/Thy Spirits Thy Lords
[21:10:53.074 I] Adding data directory /home/keith/Games/openmwMods/Mods/To the Top (Plus 2 New Addons)-50842-1-1-0-1650576419
[21:10:53.074 I] Adding data directory /home/keith/Games/openmwMods/Mods/Uncharted Artifacts-49281-1-0-4-1612712166
[21:10:53.074 I] Adding data directory /home/keith/Games/openmwMods/Mods/WeaponSheathing1.6-OpenMW-46069-1-6-1565439130/Data Files
[21:10:53.074 I] Adding data directory /home/keith/Games/openmwMods/Mods/WeaponSheathing1.6-OpenMW-46069-1-6-1565439130/Extras/alternate draw animations/animation compilation
[21:10:53.074 I] Adding data directory /home/keith/Games/openmwMods/Mods/WeaponSheathing1.6-OpenMW-46069-1-6-1565439130/Extras/alternate draw animations/vanilla
[21:10:53.074 I] Adding data directory /home/keith/Games/openmwMods/Mods/Wear a Mask/Data Files
[21:10:53.074 I] Adding data directory /home/keith/Games/openmwMods/Mods/What a fool you are/Data Files
[21:10:53.074 I] Adding data directory ../Data Files
[21:10:53.796 I] Lua version: Lua 5.1.4 (LuaJIT 2.1.0-beta3)
[21:10:53.796 I] Loading keybindings file: /home/keith/.config/openmw/input_v3.xml
[21:10:53.797 I] Loading font file magic_cards_regular.fnt
[21:10:53.804 I] Loading font file daedric_font.fnt
[21:10:53.812 I] Loading font file DejaVuLGCSansMono.omwfont
[21:10:53.858 I] Initializing OpenAL...
[21:10:53.894 I] Opened "Family 17h/19h HD Audio Controller Analog Stereo"
[21:10:53.894 I]   ALC Version: 1.1
[21:10:53.894 I]   ALC Extensions: ALC_ENUMERATE_ALL_EXT ALC_ENUMERATION_EXT ALC_EXT_CAPTURE ALC_EXT_DEDICATED ALC_EXT_disconnect ALC_EXT_EFX ALC_EXT_thread_local_context ALC_SOFT_device_clock ALC_SOFT_HRTF ALC_SOFT_loopback ALC_SOFT_loopback_bformat ALC_SOFT_output_limiter ALC_SOFT_output_mode ALC_SOFT_pause_device ALC_SOFT_reopen_device
[21:10:53.912 I]   Vendor: OpenAL Community
[21:10:53.912 I]   Renderer: OpenAL Soft
[21:10:53.912 I]   Version: 1.1 ALSOFT 1.23.0
[21:10:53.912 I]   Extensions: AL_EXT_ALAW AL_EXT_BFORMAT AL_EXT_DOUBLE AL_EXT_EXPONENT_DISTANCE AL_EXT_FLOAT32 AL_EXT_IMA4 AL_EXT_LINEAR_DISTANCE AL_EXT_MCFORMATS AL_EXT_MULAW AL_EXT_MULAW_BFORMAT AL_EXT_MULAW_MCFORMATS AL_EXT_OFFSET AL_EXT_source_distance_model AL_EXT_SOURCE_RADIUS AL_EXT_STEREO_ANGLES AL_LOKI_quadriphonic AL_SOFT_bformat_ex AL_SOFTX_bformat_hoa AL_SOFT_block_alignment AL_SOFT_callback_buffer AL_SOFTX_convolution_reverb AL_SOFT_deferred_updates AL_SOFT_direct_channels AL_SOFT_direct_channels_remix AL_SOFT_effect_target AL_SOFT_events AL_SOFT_gain_clamp_ex AL_SOFTX_hold_on_disconnect AL_SOFT_loop_points AL_SOFTX_map_buffer AL_SOFT_MSADPCM AL_SOFT_source_latency AL_SOFT_source_length AL_SOFT_source_resampler AL_SOFT_source_spatialize AL_SOFTX_source_start_delay AL_SOFT_UHJ
[21:10:53.912 I] Enabled HRTF default-44100
[21:10:53.912 I] Allocated 256 sound sources
[21:10:53.912 I] Low-pass filter supported
[21:10:53.912 I] EAX Reverb supported
[21:10:53.915 I] Enumerated output devices:
[21:10:53.915 I]   Family 17h/19h HD Audio Controller Analog Stereo
[21:10:53.916 I] Enumerated HRTF names:
[21:10:53.916 I]   default-44100  default-48000  Built-In HRTF
[21:10:56.614 I] Loading content file builtin.omwscripts
[21:10:56.616 I] Loading content file Morrowind.esm
[21:10:56.965 I] Loading content file Tribunal.esm
[21:10:57.010 I] Loading content file Bloodmoon.esm
[21:10:57.068 I] Loading content file adamantiumarmor.esp
[21:10:57.069 I] Loading content file ancestor_companion.esp
[21:10:57.069 I] Loading content file Area Effect Arrows Integrated.esp
[21:10:57.070 I] Loading content file Area Effect Projectiles Integrated (PAR Edit).esp
[21:10:57.070 I] Loading content file Area Effect Projectiles Integrated.esp
[21:10:57.071 I] Loading content file AreaEffectArrows.esp
[21:10:57.072 I] Loading content file bcsounds.esp
[21:10:57.073 I] Loading content file Bound Arrow.ESP
[21:10:57.073 I] Loading content file Bthanchend V0.7.ESP
[21:10:57.089 I] Loading content file CaiusSugar.esp
[21:10:57.089 I] Loading content file CompanionTeleportation.esp
[21:10:57.091 I] Loading content file CrazyBatouIsNotEssential-Mw.ESP
[21:10:57.091 I] Loading content file daedric travel network.ESP
[21:10:57.092 I] Loading content file Divine Providence.esp
[21:10:57.093 I] Loading content file Ebony Frogmouth Helm.ESP
[21:10:57.095 I] Loading content file entertainers.esp
[21:10:57.097 I] Loading content file Expansion Delay.ESP
[21:10:57.097 I] Loading content file Fighters Guild Improved.esp
[21:10:57.103 I] Loading content file FGI_AldRuhn_BeneranBounty.esp
[21:10:57.104 I] Loading content file FGI_AldRuhn_FlinElithPal.esp
[21:10:57.105 I] Loading content file FGI_AldRuhn_SuranBandits.esp
[21:10:57.105 I] Loading content file FGI_AldRuhn_Vas.esp
[21:10:57.106 I] Loading content file FGI_Balmora_AlofOrcs.esp
[21:10:57.106 I] Loading content file FGI_Balmora_CaveRats.esp
[21:10:57.107 I] Loading content file FGI_Balmora_CodeBook.esp
[21:10:57.107 I] Loading content file FGI_Balmora_DeseleDebt.esp
[21:10:57.108 I] Loading content file FGI_Balmora_DuraGraBol.esp
[21:10:57.108 I] Loading content file FGI_Balmora_EggPoachers.esp
[21:10:57.109 I] Loading content file FGI_Balmora_Hunger.esp
[21:10:57.109 I] Loading content file FGI_Balmora_TelvanniAgents.esp
[21:10:57.110 I] Loading content file FGI_Balmora_VerethiGang.esp
[21:10:57.110 I] Loading content file FGI_FinalQuests.esp
[21:10:57.112 I] Loading content file FGI_SadrithMora_CorprusStalker.esp
[21:10:57.113 I] Loading content file FGI_SadrithMora_EngaerBounty.esp
[21:10:57.113 I] Loading content file FGI_SadrithMora_Nchurdamz.esp
[21:10:57.114 I] Loading content file FGI_SadrithMora_Pudai.esp
[21:10:57.114 I] Loading content file FGI_SadrithMora_Sondaale.esp
[21:10:57.114 I] Loading content file FGI_SadrithMora_SujammaDunirai.esp
[21:10:57.114 I] Loading content file FGI_SadrithMora_TenimBounty.esp
[21:10:57.115 I] Loading content file FGI_Vivec_DroSakhar.esp
[21:10:57.115 I] Loading content file FGI_Vivec_JuicedawRing.esp
[21:10:57.115 I] Loading content file FGI_Vivec_LirielleDebt.esp
[21:10:57.115 I] Loading content file FGI_Vivec_TongueToad.esp
[21:10:57.116 I] Loading content file FGI_BalMolagmerAddon_ThievesGuildOverhaul_Patch.esp
[21:10:57.116 I] Loading content file OAAB_Data.esm
[21:10:57.134 I] Loading content file FGI_BalmoraGuildsExpanded_Patch.esp
[21:10:57.134 I] Loading content file FGI_CaerisCamonnaTong_Patch.esp
[21:10:57.135 I] Loading content file FGI_JoinTheCamonnaTong_Patch.esp
[21:10:57.135 I] Loading content file FGI_ErrandsForOrvas_Patch.esp
[21:10:57.135 I] Loading content file FGI_MDMD_Patch.esp
[21:10:57.136 I] Loading content file FGI_DuraGraBolsHouseReclaimed_Patch.esp
[21:10:57.137 I] Loading content file Quest Tweaks and Alternatives_1.19 - No FG version.esp
[21:10:57.148 I] Loading content file Siege at Firemoth.esp
[21:10:57.153 I] Loading content file Great Service.ESP
[21:10:57.156 I] Loading content file EBQ_Artifact.esp
[21:10:57.158 I] Loading content file HideSugarHideSkooma+Tweaks+MCPfiltering.ESP
[21:10:57.158 I] Loading content file HideSugarHideSkooma+Tweaks.ESP
[21:10:57.159 I] Loading content file HideSugarHideSkooma.ESP
[21:10:57.159 I] Loading content file Hortator.ESP
[21:10:57.159 I] Loading content file ajd_mwmj2022_telvanniDoorToApocrypha.ESP
[21:10:57.161 I] Loading content file Improved HandtoHand and Unarmored Skills.ESP
[21:10:57.161 I] Loading content file LeFemmArmor.esp
[21:10:57.162 I] Loading content file AEA-Compatibility.esp
[21:10:57.163 I] Loading content file Particle Arrow Replacer.esp
[21:10:57.163 I] Loading content file master_index.esp
[21:10:57.164 I] Loading content file Morag Tong Equipment Diversity.ESP
[21:10:57.165 I] Loading content file MoragTongWritFix.esp
[21:10:57.166 I] Loading content file OfficialMods_v5.esp
[21:10:57.174 I] Loading content file Lake Fjalding Anti-Suck.ESP
[21:10:57.175 I] Loading content file chuzei_helm_no_neck.esp
[21:10:57.175 I] Loading content file MWWG.ESP
[21:10:57.176 I] Loading content file Nwah Discount C.ESP
[21:10:57.176 I] Loading content file Open Helmets.ESP
[21:10:57.177 I] Loading content file PackGuarTravel.ESP
[21:10:57.178 I] Loading content file Morrowind Patch v1.6.3.esm
[21:10:57.198 I] Loading content file Patch for Purists - Book Typos.ESP
[21:10:57.207 I] Loading content file Patch for Purists - Semi-Purist Fixes.ESP
[21:10:57.207 I] Loading content file Patch for Purists.esm
[21:10:57.244 I] Loading content file Privileges&Services 1.1.esp
[21:10:57.274 I] Loading content file Realistic Stealth 1.1.ESP
[21:10:57.275 I] Loading content file Religions Elaborated.esp
[21:10:57.275 I] Loading content file RP House Hlaalu.esp
[21:10:57.276 I] Loading content file Saprius' Disguised.esp
[21:10:57.277 I] Loading content file Shrines - Restore Health and Cancel Options.esp
[21:10:57.277 I] Loading content file Silt Strider Animation Restored.ESP
[21:10:57.278 I] Loading content file telvanniseaspire.ESP
[21:10:57.278 I] Loading content file Sload and Slavers.ESP
[21:10:57.281 I] Loading content file Sloadic Transport Necro.ESP
[21:10:57.281 I] Loading content file Sloadic Transport.ESP
[21:10:57.281 I] Loading content file Steampunk Paradise player home.esp
[21:10:57.290 I] Loading content file SYTN.ESP
[21:10:57.290 I] Loading content file Temple teleportation system.ESP
[21:10:57.292 I] Loading content file To_The_Top.esp
[21:10:57.293 I] Loading content file To_the_Top_Mournhold.esp
[21:10:57.294 I] Loading content file Uncharted Artifacts.esp
[21:10:57.295 I] Loading content file Wear a Mask.ESP
[21:10:57.596 I] Using 1 async physics threads
[21:10:57.602 V] Using idle priority for thread=139944141416128
[21:10:57.603 V] Disabling Multiview (disabled by config)
[21:10:57.628 I] Reserving texture unit for sky RTT: 30
[21:10:57.628 I] Preferred locales: en
[21:10:57.836 V] Fallback locale: en
[21:10:57.837 V] Language file "l10n/SettingsMenu/en.yaml" is enabled
[21:10:57.898 V] Fallback locale: en
[21:10:57.898 V] Language file "l10n/DebugMenu/en.yaml" is enabled
[21:10:57.901 V] Fallback locale: en
[21:10:57.901 V] Language file "l10n/PostProcessing/en.yaml" is enabled
[21:10:57.915 V] Lua scripts configuration (8 scripts):
[21:10:57.915 V] #0 PLAYER : scripts/omw/mwui/init.lua
[21:10:57.915 V] #1 GLOBAL : scripts/omw/settings/global.lua
[21:10:57.915 V] #2 PLAYER : scripts/omw/settings/player.lua
[21:10:57.915 V] #3 PLAYER : scripts/omw/camera/camera.lua
[21:10:57.915 V] #4 NPC CREATURE : scripts/omw/ai.lua
[21:10:57.915 V] #5 PLAYER : scripts/omw/console/player.lua
[21:10:57.915 V] #6 GLOBAL : scripts/omw/console/global.lua
[21:10:57.915 V] #7 CUSTOM : scripts/omw/console/local.lua
[21:10:57.915 I] Loading Lua storage ""/home/keith/.config/openmw/global_storage.bin"" (3 bytes)
[21:10:57.915 I] Loading Lua storage ""/home/keith/.config/openmw/player_storage.bin"" (366 bytes)
[21:10:57.940 I] Playing music/special/morrowind title.mp3
[21:10:59.349 V] Fallback locale: en
[21:10:59.349 V] Language file "l10n/SavegameMenu/en.yaml" is enabled
[21:11:02.375 I] Saving shader settings file: "/home/keith/.config/openmw/shaders.yaml"
[21:11:02.375 I] Saving Lua storage ""/home/keith/.config/openmw/global_storage.bin"" (3 bytes)
[21:11:02.376 I] Saving Lua storage ""/home/keith/.config/openmw/player_storage.bin"" (366 bytes)
[21:11:02.376 I] Quitting peacefully.
